ARM GAS  /tmp/cc83BnyD.s 			page 1


   1              		.cpu cortex-m4
   2              		.eabi_attribute 27, 1
   3              		.eabi_attribute 28, 1
   4              		.eabi_attribute 20, 1
   5              		.eabi_attribute 21, 1
   6              		.eabi_attribute 23, 3
   7              		.eabi_attribute 24, 1
   8              		.eabi_attribute 25, 1
   9              		.eabi_attribute 26, 1
  10              		.eabi_attribute 30, 1
  11              		.eabi_attribute 34, 1
  12              		.eabi_attribute 18, 4
  13              		.file	"stm32f4xx_hal_msp.c"
  14              		.text
  15              	.Ltext0:
  16              		.cfi_sections	.debug_frame
  17              		.section	.text.HAL_MspInit,"ax",%progbits
  18              		.align	1
  19              		.global	HAL_MspInit
  20              		.arch armv7e-m
  21              		.syntax unified
  22              		.thumb
  23              		.thumb_func
  24              		.fpu fpv4-sp-d16
  26              	HAL_MspInit:
  27              	.LFB130:
  28              		.file 1 "Core/Src/stm32f4xx_hal_msp.c"
   1:Core/Src/stm32f4xx_hal_msp.c **** /* USER CODE BEGIN Header */
   2:Core/Src/stm32f4xx_hal_msp.c **** /**
   3:Core/Src/stm32f4xx_hal_msp.c ****   ******************************************************************************
   4:Core/Src/stm32f4xx_hal_msp.c ****   * @file         stm32f4xx_hal_msp.c
   5:Core/Src/stm32f4xx_hal_msp.c ****   * @brief        This file provides code for the MSP Initialization
   6:Core/Src/stm32f4xx_hal_msp.c ****   *               and de-Initialization codes.
   7:Core/Src/stm32f4xx_hal_msp.c ****   ******************************************************************************
   8:Core/Src/stm32f4xx_hal_msp.c ****   * @attention
   9:Core/Src/stm32f4xx_hal_msp.c ****   *
  10:Core/Src/stm32f4xx_hal_msp.c ****   * <h2><center>&copy; Copyright (c) 2021 STMicroelectronics.
  11:Core/Src/stm32f4xx_hal_msp.c ****   * All rights reserved.</center></h2>
  12:Core/Src/stm32f4xx_hal_msp.c ****   *
  13:Core/Src/stm32f4xx_hal_msp.c ****   * This software component is licensed by ST under Ultimate Liberty license
  14:Core/Src/stm32f4xx_hal_msp.c ****   * SLA0044, the "License"; You may not use this file except in compliance with
  15:Core/Src/stm32f4xx_hal_msp.c ****   * the License. You may obtain a copy of the License at:
  16:Core/Src/stm32f4xx_hal_msp.c ****   *                             www.st.com/SLA0044
  17:Core/Src/stm32f4xx_hal_msp.c ****   *
  18:Core/Src/stm32f4xx_hal_msp.c ****   ******************************************************************************
  19:Core/Src/stm32f4xx_hal_msp.c ****   */
  20:Core/Src/stm32f4xx_hal_msp.c **** /* USER CODE END Header */
  21:Core/Src/stm32f4xx_hal_msp.c **** 
  22:Core/Src/stm32f4xx_hal_msp.c **** /* Includes ------------------------------------------------------------------*/
  23:Core/Src/stm32f4xx_hal_msp.c **** #include "main.h"
  24:Core/Src/stm32f4xx_hal_msp.c **** /* USER CODE BEGIN Includes */
  25:Core/Src/stm32f4xx_hal_msp.c **** 
  26:Core/Src/stm32f4xx_hal_msp.c **** /* USER CODE END Includes */
  27:Core/Src/stm32f4xx_hal_msp.c **** 
  28:Core/Src/stm32f4xx_hal_msp.c **** /* Private typedef -----------------------------------------------------------*/
  29:Core/Src/stm32f4xx_hal_msp.c **** /* USER CODE BEGIN TD */
  30:Core/Src/stm32f4xx_hal_msp.c **** 
ARM GAS  /tmp/cc83BnyD.s 			page 2


  31:Core/Src/stm32f4xx_hal_msp.c **** /* USER CODE END TD */
  32:Core/Src/stm32f4xx_hal_msp.c **** 
  33:Core/Src/stm32f4xx_hal_msp.c **** /* Private define ------------------------------------------------------------*/
  34:Core/Src/stm32f4xx_hal_msp.c **** /* USER CODE BEGIN Define */
  35:Core/Src/stm32f4xx_hal_msp.c **** 
  36:Core/Src/stm32f4xx_hal_msp.c **** /* USER CODE END Define */
  37:Core/Src/stm32f4xx_hal_msp.c **** 
  38:Core/Src/stm32f4xx_hal_msp.c **** /* Private macro -------------------------------------------------------------*/
  39:Core/Src/stm32f4xx_hal_msp.c **** /* USER CODE BEGIN Macro */
  40:Core/Src/stm32f4xx_hal_msp.c **** 
  41:Core/Src/stm32f4xx_hal_msp.c **** /* USER CODE END Macro */
  42:Core/Src/stm32f4xx_hal_msp.c **** 
  43:Core/Src/stm32f4xx_hal_msp.c **** /* Private variables ---------------------------------------------------------*/
  44:Core/Src/stm32f4xx_hal_msp.c **** /* USER CODE BEGIN PV */
  45:Core/Src/stm32f4xx_hal_msp.c **** 
  46:Core/Src/stm32f4xx_hal_msp.c **** /* USER CODE END PV */
  47:Core/Src/stm32f4xx_hal_msp.c **** 
  48:Core/Src/stm32f4xx_hal_msp.c **** /* Private function prototypes -----------------------------------------------*/
  49:Core/Src/stm32f4xx_hal_msp.c **** /* USER CODE BEGIN PFP */
  50:Core/Src/stm32f4xx_hal_msp.c **** 
  51:Core/Src/stm32f4xx_hal_msp.c **** /* USER CODE END PFP */
  52:Core/Src/stm32f4xx_hal_msp.c **** 
  53:Core/Src/stm32f4xx_hal_msp.c **** /* External functions --------------------------------------------------------*/
  54:Core/Src/stm32f4xx_hal_msp.c **** /* USER CODE BEGIN ExternalFunctions */
  55:Core/Src/stm32f4xx_hal_msp.c **** 
  56:Core/Src/stm32f4xx_hal_msp.c **** /* USER CODE END ExternalFunctions */
  57:Core/Src/stm32f4xx_hal_msp.c **** 
  58:Core/Src/stm32f4xx_hal_msp.c **** /* USER CODE BEGIN 0 */
  59:Core/Src/stm32f4xx_hal_msp.c **** 
  60:Core/Src/stm32f4xx_hal_msp.c **** /* USER CODE END 0 */
  61:Core/Src/stm32f4xx_hal_msp.c **** /**
  62:Core/Src/stm32f4xx_hal_msp.c ****   * Initializes the Global MSP.
  63:Core/Src/stm32f4xx_hal_msp.c ****   */
  64:Core/Src/stm32f4xx_hal_msp.c **** void HAL_MspInit(void)
  65:Core/Src/stm32f4xx_hal_msp.c **** {
  29              		.loc 1 65 1 view -0
  30              		.cfi_startproc
  31              		@ args = 0, pretend = 0, frame = 8
  32              		@ frame_needed = 0, uses_anonymous_args = 0
  33 0000 00B5     		push	{lr}
  34              	.LCFI0:
  35              		.cfi_def_cfa_offset 4
  36              		.cfi_offset 14, -4
  37 0002 83B0     		sub	sp, sp, #12
  38              	.LCFI1:
  39              		.cfi_def_cfa_offset 16
  66:Core/Src/stm32f4xx_hal_msp.c ****   /* USER CODE BEGIN MspInit 0 */
  67:Core/Src/stm32f4xx_hal_msp.c **** 
  68:Core/Src/stm32f4xx_hal_msp.c ****   /* USER CODE END MspInit 0 */
  69:Core/Src/stm32f4xx_hal_msp.c **** 
  70:Core/Src/stm32f4xx_hal_msp.c ****   __HAL_RCC_SYSCFG_CLK_ENABLE();
  40              		.loc 1 70 3 view .LVU1
  41              	.LBB2:
  42              		.loc 1 70 3 view .LVU2
  43 0004 0021     		movs	r1, #0
  44 0006 0091     		str	r1, [sp]
  45              		.loc 1 70 3 view .LVU3
ARM GAS  /tmp/cc83BnyD.s 			page 3


  46 0008 0C4B     		ldr	r3, .L3
  47 000a 5A6C     		ldr	r2, [r3, #68]
  48 000c 42F48042 		orr	r2, r2, #16384
  49 0010 5A64     		str	r2, [r3, #68]
  50              		.loc 1 70 3 view .LVU4
  51 0012 5A6C     		ldr	r2, [r3, #68]
  52 0014 02F48042 		and	r2, r2, #16384
  53 0018 0092     		str	r2, [sp]
  54              		.loc 1 70 3 view .LVU5
  55 001a 009A     		ldr	r2, [sp]
  56              	.LBE2:
  57              		.loc 1 70 3 view .LVU6
  71:Core/Src/stm32f4xx_hal_msp.c ****   __HAL_RCC_PWR_CLK_ENABLE();
  58              		.loc 1 71 3 view .LVU7
  59              	.LBB3:
  60              		.loc 1 71 3 view .LVU8
  61 001c 0191     		str	r1, [sp, #4]
  62              		.loc 1 71 3 view .LVU9
  63 001e 1A6C     		ldr	r2, [r3, #64]
  64 0020 42F08052 		orr	r2, r2, #268435456
  65 0024 1A64     		str	r2, [r3, #64]
  66              		.loc 1 71 3 view .LVU10
  67 0026 1B6C     		ldr	r3, [r3, #64]
  68 0028 03F08053 		and	r3, r3, #268435456
  69 002c 0193     		str	r3, [sp, #4]
  70              		.loc 1 71 3 view .LVU11
  71 002e 019B     		ldr	r3, [sp, #4]
  72              	.LBE3:
  73              		.loc 1 71 3 view .LVU12
  72:Core/Src/stm32f4xx_hal_msp.c **** 
  73:Core/Src/stm32f4xx_hal_msp.c ****   HAL_NVIC_SetPriorityGrouping(NVIC_PRIORITYGROUP_0);
  74              		.loc 1 73 3 view .LVU13
  75 0030 0720     		movs	r0, #7
  76 0032 FFF7FEFF 		bl	HAL_NVIC_SetPriorityGrouping
  77              	.LVL0:
  74:Core/Src/stm32f4xx_hal_msp.c **** 
  75:Core/Src/stm32f4xx_hal_msp.c ****   /* System interrupt init*/
  76:Core/Src/stm32f4xx_hal_msp.c **** 
  77:Core/Src/stm32f4xx_hal_msp.c ****   /* USER CODE BEGIN MspInit 1 */
  78:Core/Src/stm32f4xx_hal_msp.c **** 
  79:Core/Src/stm32f4xx_hal_msp.c ****   /* USER CODE END MspInit 1 */
  80:Core/Src/stm32f4xx_hal_msp.c **** }
  78              		.loc 1 80 1 is_stmt 0 view .LVU14
  79 0036 03B0     		add	sp, sp, #12
  80              	.LCFI2:
  81              		.cfi_def_cfa_offset 4
  82              		@ sp needed
  83 0038 5DF804FB 		ldr	pc, [sp], #4
  84              	.L4:
  85              		.align	2
  86              	.L3:
  87 003c 00380240 		.word	1073887232
  88              		.cfi_endproc
  89              	.LFE130:
  91              		.section	.text.HAL_I2C_MspInit,"ax",%progbits
  92              		.align	1
  93              		.global	HAL_I2C_MspInit
ARM GAS  /tmp/cc83BnyD.s 			page 4


  94              		.syntax unified
  95              		.thumb
  96              		.thumb_func
  97              		.fpu fpv4-sp-d16
  99              	HAL_I2C_MspInit:
 100              	.LVL1:
 101              	.LFB131:
  81:Core/Src/stm32f4xx_hal_msp.c **** 
  82:Core/Src/stm32f4xx_hal_msp.c **** /**
  83:Core/Src/stm32f4xx_hal_msp.c **** * @brief I2C MSP Initialization
  84:Core/Src/stm32f4xx_hal_msp.c **** * This function configures the hardware resources used in this example
  85:Core/Src/stm32f4xx_hal_msp.c **** * @param hi2c: I2C handle pointer
  86:Core/Src/stm32f4xx_hal_msp.c **** * @retval None
  87:Core/Src/stm32f4xx_hal_msp.c **** */
  88:Core/Src/stm32f4xx_hal_msp.c **** void HAL_I2C_MspInit(I2C_HandleTypeDef* hi2c)
  89:Core/Src/stm32f4xx_hal_msp.c **** {
 102              		.loc 1 89 1 is_stmt 1 view -0
 103              		.cfi_startproc
 104              		@ args = 0, pretend = 0, frame = 32
 105              		@ frame_needed = 0, uses_anonymous_args = 0
 106              		.loc 1 89 1 is_stmt 0 view .LVU16
 107 0000 30B5     		push	{r4, r5, lr}
 108              	.LCFI3:
 109              		.cfi_def_cfa_offset 12
 110              		.cfi_offset 4, -12
 111              		.cfi_offset 5, -8
 112              		.cfi_offset 14, -4
 113 0002 89B0     		sub	sp, sp, #36
 114              	.LCFI4:
 115              		.cfi_def_cfa_offset 48
  90:Core/Src/stm32f4xx_hal_msp.c ****   GPIO_InitTypeDef GPIO_InitStruct = {0};
 116              		.loc 1 90 3 is_stmt 1 view .LVU17
 117              		.loc 1 90 20 is_stmt 0 view .LVU18
 118 0004 0023     		movs	r3, #0
 119 0006 0393     		str	r3, [sp, #12]
 120 0008 0493     		str	r3, [sp, #16]
 121 000a 0593     		str	r3, [sp, #20]
 122 000c 0693     		str	r3, [sp, #24]
 123 000e 0793     		str	r3, [sp, #28]
  91:Core/Src/stm32f4xx_hal_msp.c ****   if(hi2c->Instance==I2C1)
 124              		.loc 1 91 3 is_stmt 1 view .LVU19
 125              		.loc 1 91 10 is_stmt 0 view .LVU20
 126 0010 0268     		ldr	r2, [r0]
 127              		.loc 1 91 5 view .LVU21
 128 0012 154B     		ldr	r3, .L9
 129 0014 9A42     		cmp	r2, r3
 130 0016 01D0     		beq	.L8
 131              	.LVL2:
 132              	.L5:
  92:Core/Src/stm32f4xx_hal_msp.c ****   {
  93:Core/Src/stm32f4xx_hal_msp.c ****   /* USER CODE BEGIN I2C1_MspInit 0 */
  94:Core/Src/stm32f4xx_hal_msp.c **** 
  95:Core/Src/stm32f4xx_hal_msp.c ****   /* USER CODE END I2C1_MspInit 0 */
  96:Core/Src/stm32f4xx_hal_msp.c **** 
  97:Core/Src/stm32f4xx_hal_msp.c ****     __HAL_RCC_GPIOB_CLK_ENABLE();
  98:Core/Src/stm32f4xx_hal_msp.c ****     /**I2C1 GPIO Configuration
  99:Core/Src/stm32f4xx_hal_msp.c ****     PB6     ------> I2C1_SCL
ARM GAS  /tmp/cc83BnyD.s 			page 5


 100:Core/Src/stm32f4xx_hal_msp.c ****     PB9     ------> I2C1_SDA
 101:Core/Src/stm32f4xx_hal_msp.c ****     */
 102:Core/Src/stm32f4xx_hal_msp.c ****     GPIO_InitStruct.Pin = Audio_SCL_Pin|Audio_SDA_Pin;
 103:Core/Src/stm32f4xx_hal_msp.c ****     GPIO_InitStruct.Mode = GPIO_MODE_AF_OD;
 104:Core/Src/stm32f4xx_hal_msp.c ****     GPIO_InitStruct.Pull = GPIO_PULLUP;
 105:Core/Src/stm32f4xx_hal_msp.c ****     GPIO_InitStruct.Speed = GPIO_SPEED_FREQ_LOW;
 106:Core/Src/stm32f4xx_hal_msp.c ****     GPIO_InitStruct.Alternate = GPIO_AF4_I2C1;
 107:Core/Src/stm32f4xx_hal_msp.c ****     HAL_GPIO_Init(GPIOB, &GPIO_InitStruct);
 108:Core/Src/stm32f4xx_hal_msp.c **** 
 109:Core/Src/stm32f4xx_hal_msp.c ****     /* Peripheral clock enable */
 110:Core/Src/stm32f4xx_hal_msp.c ****     __HAL_RCC_I2C1_CLK_ENABLE();
 111:Core/Src/stm32f4xx_hal_msp.c ****   /* USER CODE BEGIN I2C1_MspInit 1 */
 112:Core/Src/stm32f4xx_hal_msp.c **** 
 113:Core/Src/stm32f4xx_hal_msp.c ****   /* USER CODE END I2C1_MspInit 1 */
 114:Core/Src/stm32f4xx_hal_msp.c ****   }
 115:Core/Src/stm32f4xx_hal_msp.c **** 
 116:Core/Src/stm32f4xx_hal_msp.c **** }
 133              		.loc 1 116 1 view .LVU22
 134 0018 09B0     		add	sp, sp, #36
 135              	.LCFI5:
 136              		.cfi_remember_state
 137              		.cfi_def_cfa_offset 12
 138              		@ sp needed
 139 001a 30BD     		pop	{r4, r5, pc}
 140              	.LVL3:
 141              	.L8:
 142              	.LCFI6:
 143              		.cfi_restore_state
  97:Core/Src/stm32f4xx_hal_msp.c ****     /**I2C1 GPIO Configuration
 144              		.loc 1 97 5 is_stmt 1 view .LVU23
 145              	.LBB4:
  97:Core/Src/stm32f4xx_hal_msp.c ****     /**I2C1 GPIO Configuration
 146              		.loc 1 97 5 view .LVU24
 147 001c 0025     		movs	r5, #0
 148 001e 0195     		str	r5, [sp, #4]
  97:Core/Src/stm32f4xx_hal_msp.c ****     /**I2C1 GPIO Configuration
 149              		.loc 1 97 5 view .LVU25
 150 0020 124C     		ldr	r4, .L9+4
 151 0022 236B     		ldr	r3, [r4, #48]
 152 0024 43F00203 		orr	r3, r3, #2
 153 0028 2363     		str	r3, [r4, #48]
  97:Core/Src/stm32f4xx_hal_msp.c ****     /**I2C1 GPIO Configuration
 154              		.loc 1 97 5 view .LVU26
 155 002a 236B     		ldr	r3, [r4, #48]
 156 002c 03F00203 		and	r3, r3, #2
 157 0030 0193     		str	r3, [sp, #4]
  97:Core/Src/stm32f4xx_hal_msp.c ****     /**I2C1 GPIO Configuration
 158              		.loc 1 97 5 view .LVU27
 159 0032 019B     		ldr	r3, [sp, #4]
 160              	.LBE4:
  97:Core/Src/stm32f4xx_hal_msp.c ****     /**I2C1 GPIO Configuration
 161              		.loc 1 97 5 view .LVU28
 102:Core/Src/stm32f4xx_hal_msp.c ****     GPIO_InitStruct.Mode = GPIO_MODE_AF_OD;
 162              		.loc 1 102 5 view .LVU29
 102:Core/Src/stm32f4xx_hal_msp.c ****     GPIO_InitStruct.Mode = GPIO_MODE_AF_OD;
 163              		.loc 1 102 25 is_stmt 0 view .LVU30
 164 0034 4FF41073 		mov	r3, #576
ARM GAS  /tmp/cc83BnyD.s 			page 6


 165 0038 0393     		str	r3, [sp, #12]
 103:Core/Src/stm32f4xx_hal_msp.c ****     GPIO_InitStruct.Pull = GPIO_PULLUP;
 166              		.loc 1 103 5 is_stmt 1 view .LVU31
 103:Core/Src/stm32f4xx_hal_msp.c ****     GPIO_InitStruct.Pull = GPIO_PULLUP;
 167              		.loc 1 103 26 is_stmt 0 view .LVU32
 168 003a 1223     		movs	r3, #18
 169 003c 0493     		str	r3, [sp, #16]
 104:Core/Src/stm32f4xx_hal_msp.c ****     GPIO_InitStruct.Speed = GPIO_SPEED_FREQ_LOW;
 170              		.loc 1 104 5 is_stmt 1 view .LVU33
 104:Core/Src/stm32f4xx_hal_msp.c ****     GPIO_InitStruct.Speed = GPIO_SPEED_FREQ_LOW;
 171              		.loc 1 104 26 is_stmt 0 view .LVU34
 172 003e 0123     		movs	r3, #1
 173 0040 0593     		str	r3, [sp, #20]
 105:Core/Src/stm32f4xx_hal_msp.c ****     GPIO_InitStruct.Alternate = GPIO_AF4_I2C1;
 174              		.loc 1 105 5 is_stmt 1 view .LVU35
 105:Core/Src/stm32f4xx_hal_msp.c ****     GPIO_InitStruct.Alternate = GPIO_AF4_I2C1;
 175              		.loc 1 105 27 is_stmt 0 view .LVU36
 176 0042 0695     		str	r5, [sp, #24]
 106:Core/Src/stm32f4xx_hal_msp.c ****     HAL_GPIO_Init(GPIOB, &GPIO_InitStruct);
 177              		.loc 1 106 5 is_stmt 1 view .LVU37
 106:Core/Src/stm32f4xx_hal_msp.c ****     HAL_GPIO_Init(GPIOB, &GPIO_InitStruct);
 178              		.loc 1 106 31 is_stmt 0 view .LVU38
 179 0044 0423     		movs	r3, #4
 180 0046 0793     		str	r3, [sp, #28]
 107:Core/Src/stm32f4xx_hal_msp.c **** 
 181              		.loc 1 107 5 is_stmt 1 view .LVU39
 182 0048 03A9     		add	r1, sp, #12
 183 004a 0948     		ldr	r0, .L9+8
 184              	.LVL4:
 107:Core/Src/stm32f4xx_hal_msp.c **** 
 185              		.loc 1 107 5 is_stmt 0 view .LVU40
 186 004c FFF7FEFF 		bl	HAL_GPIO_Init
 187              	.LVL5:
 110:Core/Src/stm32f4xx_hal_msp.c ****   /* USER CODE BEGIN I2C1_MspInit 1 */
 188              		.loc 1 110 5 is_stmt 1 view .LVU41
 189              	.LBB5:
 110:Core/Src/stm32f4xx_hal_msp.c ****   /* USER CODE BEGIN I2C1_MspInit 1 */
 190              		.loc 1 110 5 view .LVU42
 191 0050 0295     		str	r5, [sp, #8]
 110:Core/Src/stm32f4xx_hal_msp.c ****   /* USER CODE BEGIN I2C1_MspInit 1 */
 192              		.loc 1 110 5 view .LVU43
 193 0052 236C     		ldr	r3, [r4, #64]
 194 0054 43F40013 		orr	r3, r3, #2097152
 195 0058 2364     		str	r3, [r4, #64]
 110:Core/Src/stm32f4xx_hal_msp.c ****   /* USER CODE BEGIN I2C1_MspInit 1 */
 196              		.loc 1 110 5 view .LVU44
 197 005a 236C     		ldr	r3, [r4, #64]
 198 005c 03F40013 		and	r3, r3, #2097152
 199 0060 0293     		str	r3, [sp, #8]
 110:Core/Src/stm32f4xx_hal_msp.c ****   /* USER CODE BEGIN I2C1_MspInit 1 */
 200              		.loc 1 110 5 view .LVU45
 201 0062 029B     		ldr	r3, [sp, #8]
 202              	.LBE5:
 110:Core/Src/stm32f4xx_hal_msp.c ****   /* USER CODE BEGIN I2C1_MspInit 1 */
 203              		.loc 1 110 5 view .LVU46
 204              		.loc 1 116 1 is_stmt 0 view .LVU47
 205 0064 D8E7     		b	.L5
ARM GAS  /tmp/cc83BnyD.s 			page 7


 206              	.L10:
 207 0066 00BF     		.align	2
 208              	.L9:
 209 0068 00540040 		.word	1073763328
 210 006c 00380240 		.word	1073887232
 211 0070 00040240 		.word	1073873920
 212              		.cfi_endproc
 213              	.LFE131:
 215              		.section	.text.HAL_I2C_MspDeInit,"ax",%progbits
 216              		.align	1
 217              		.global	HAL_I2C_MspDeInit
 218              		.syntax unified
 219              		.thumb
 220              		.thumb_func
 221              		.fpu fpv4-sp-d16
 223              	HAL_I2C_MspDeInit:
 224              	.LVL6:
 225              	.LFB132:
 117:Core/Src/stm32f4xx_hal_msp.c **** 
 118:Core/Src/stm32f4xx_hal_msp.c **** /**
 119:Core/Src/stm32f4xx_hal_msp.c **** * @brief I2C MSP De-Initialization
 120:Core/Src/stm32f4xx_hal_msp.c **** * This function freeze the hardware resources used in this example
 121:Core/Src/stm32f4xx_hal_msp.c **** * @param hi2c: I2C handle pointer
 122:Core/Src/stm32f4xx_hal_msp.c **** * @retval None
 123:Core/Src/stm32f4xx_hal_msp.c **** */
 124:Core/Src/stm32f4xx_hal_msp.c **** void HAL_I2C_MspDeInit(I2C_HandleTypeDef* hi2c)
 125:Core/Src/stm32f4xx_hal_msp.c **** {
 226              		.loc 1 125 1 is_stmt 1 view -0
 227              		.cfi_startproc
 228              		@ args = 0, pretend = 0, frame = 0
 229              		@ frame_needed = 0, uses_anonymous_args = 0
 126:Core/Src/stm32f4xx_hal_msp.c ****   if(hi2c->Instance==I2C1)
 230              		.loc 1 126 3 view .LVU49
 231              		.loc 1 126 10 is_stmt 0 view .LVU50
 232 0000 0268     		ldr	r2, [r0]
 233              		.loc 1 126 5 view .LVU51
 234 0002 0A4B     		ldr	r3, .L18
 235 0004 9A42     		cmp	r2, r3
 236 0006 00D0     		beq	.L17
 237 0008 7047     		bx	lr
 238              	.L17:
 125:Core/Src/stm32f4xx_hal_msp.c ****   if(hi2c->Instance==I2C1)
 239              		.loc 1 125 1 view .LVU52
 240 000a 10B5     		push	{r4, lr}
 241              	.LCFI7:
 242              		.cfi_def_cfa_offset 8
 243              		.cfi_offset 4, -8
 244              		.cfi_offset 14, -4
 127:Core/Src/stm32f4xx_hal_msp.c ****   {
 128:Core/Src/stm32f4xx_hal_msp.c ****   /* USER CODE BEGIN I2C1_MspDeInit 0 */
 129:Core/Src/stm32f4xx_hal_msp.c **** 
 130:Core/Src/stm32f4xx_hal_msp.c ****   /* USER CODE END I2C1_MspDeInit 0 */
 131:Core/Src/stm32f4xx_hal_msp.c ****     /* Peripheral clock disable */
 132:Core/Src/stm32f4xx_hal_msp.c ****     __HAL_RCC_I2C1_CLK_DISABLE();
 245              		.loc 1 132 5 is_stmt 1 view .LVU53
 246 000c 084A     		ldr	r2, .L18+4
 247 000e 136C     		ldr	r3, [r2, #64]
ARM GAS  /tmp/cc83BnyD.s 			page 8


 248 0010 23F40013 		bic	r3, r3, #2097152
 249 0014 1364     		str	r3, [r2, #64]
 133:Core/Src/stm32f4xx_hal_msp.c **** 
 134:Core/Src/stm32f4xx_hal_msp.c ****     /**I2C1 GPIO Configuration
 135:Core/Src/stm32f4xx_hal_msp.c ****     PB6     ------> I2C1_SCL
 136:Core/Src/stm32f4xx_hal_msp.c ****     PB9     ------> I2C1_SDA
 137:Core/Src/stm32f4xx_hal_msp.c ****     */
 138:Core/Src/stm32f4xx_hal_msp.c ****     HAL_GPIO_DeInit(Audio_SCL_GPIO_Port, Audio_SCL_Pin);
 250              		.loc 1 138 5 view .LVU54
 251 0016 074C     		ldr	r4, .L18+8
 252 0018 4021     		movs	r1, #64
 253 001a 2046     		mov	r0, r4
 254              	.LVL7:
 255              		.loc 1 138 5 is_stmt 0 view .LVU55
 256 001c FFF7FEFF 		bl	HAL_GPIO_DeInit
 257              	.LVL8:
 139:Core/Src/stm32f4xx_hal_msp.c **** 
 140:Core/Src/stm32f4xx_hal_msp.c ****     HAL_GPIO_DeInit(Audio_SDA_GPIO_Port, Audio_SDA_Pin);
 258              		.loc 1 140 5 is_stmt 1 view .LVU56
 259 0020 4FF40071 		mov	r1, #512
 260 0024 2046     		mov	r0, r4
 261 0026 FFF7FEFF 		bl	HAL_GPIO_DeInit
 262              	.LVL9:
 141:Core/Src/stm32f4xx_hal_msp.c **** 
 142:Core/Src/stm32f4xx_hal_msp.c ****   /* USER CODE BEGIN I2C1_MspDeInit 1 */
 143:Core/Src/stm32f4xx_hal_msp.c **** 
 144:Core/Src/stm32f4xx_hal_msp.c ****   /* USER CODE END I2C1_MspDeInit 1 */
 145:Core/Src/stm32f4xx_hal_msp.c ****   }
 146:Core/Src/stm32f4xx_hal_msp.c **** 
 147:Core/Src/stm32f4xx_hal_msp.c **** }
 263              		.loc 1 147 1 is_stmt 0 view .LVU57
 264 002a 10BD     		pop	{r4, pc}
 265              	.L19:
 266              		.align	2
 267              	.L18:
 268 002c 00540040 		.word	1073763328
 269 0030 00380240 		.word	1073887232
 270 0034 00040240 		.word	1073873920
 271              		.cfi_endproc
 272              	.LFE132:
 274              		.section	.text.HAL_I2S_MspInit,"ax",%progbits
 275              		.align	1
 276              		.global	HAL_I2S_MspInit
 277              		.syntax unified
 278              		.thumb
 279              		.thumb_func
 280              		.fpu fpv4-sp-d16
 282              	HAL_I2S_MspInit:
 283              	.LVL10:
 284              	.LFB133:
 148:Core/Src/stm32f4xx_hal_msp.c **** 
 149:Core/Src/stm32f4xx_hal_msp.c **** /**
 150:Core/Src/stm32f4xx_hal_msp.c **** * @brief I2S MSP Initialization
 151:Core/Src/stm32f4xx_hal_msp.c **** * This function configures the hardware resources used in this example
 152:Core/Src/stm32f4xx_hal_msp.c **** * @param hi2s: I2S handle pointer
 153:Core/Src/stm32f4xx_hal_msp.c **** * @retval None
 154:Core/Src/stm32f4xx_hal_msp.c **** */
ARM GAS  /tmp/cc83BnyD.s 			page 9


 155:Core/Src/stm32f4xx_hal_msp.c **** void HAL_I2S_MspInit(I2S_HandleTypeDef* hi2s)
 156:Core/Src/stm32f4xx_hal_msp.c **** {
 285              		.loc 1 156 1 is_stmt 1 view -0
 286              		.cfi_startproc
 287              		@ args = 0, pretend = 0, frame = 32
 288              		@ frame_needed = 0, uses_anonymous_args = 0
 289              		.loc 1 156 1 is_stmt 0 view .LVU59
 290 0000 70B5     		push	{r4, r5, r6, lr}
 291              	.LCFI8:
 292              		.cfi_def_cfa_offset 16
 293              		.cfi_offset 4, -16
 294              		.cfi_offset 5, -12
 295              		.cfi_offset 6, -8
 296              		.cfi_offset 14, -4
 297 0002 88B0     		sub	sp, sp, #32
 298              	.LCFI9:
 299              		.cfi_def_cfa_offset 48
 157:Core/Src/stm32f4xx_hal_msp.c ****   GPIO_InitTypeDef GPIO_InitStruct = {0};
 300              		.loc 1 157 3 is_stmt 1 view .LVU60
 301              		.loc 1 157 20 is_stmt 0 view .LVU61
 302 0004 0023     		movs	r3, #0
 303 0006 0393     		str	r3, [sp, #12]
 304 0008 0493     		str	r3, [sp, #16]
 305 000a 0593     		str	r3, [sp, #20]
 306 000c 0693     		str	r3, [sp, #24]
 307 000e 0793     		str	r3, [sp, #28]
 158:Core/Src/stm32f4xx_hal_msp.c ****   if(hi2s->Instance==SPI3)
 308              		.loc 1 158 3 is_stmt 1 view .LVU62
 309              		.loc 1 158 10 is_stmt 0 view .LVU63
 310 0010 0268     		ldr	r2, [r0]
 311              		.loc 1 158 5 view .LVU64
 312 0012 1F4B     		ldr	r3, .L24
 313 0014 9A42     		cmp	r2, r3
 314 0016 01D0     		beq	.L23
 315              	.LVL11:
 316              	.L20:
 159:Core/Src/stm32f4xx_hal_msp.c ****   {
 160:Core/Src/stm32f4xx_hal_msp.c ****   /* USER CODE BEGIN SPI3_MspInit 0 */
 161:Core/Src/stm32f4xx_hal_msp.c **** 
 162:Core/Src/stm32f4xx_hal_msp.c ****   /* USER CODE END SPI3_MspInit 0 */
 163:Core/Src/stm32f4xx_hal_msp.c ****     /* Peripheral clock enable */
 164:Core/Src/stm32f4xx_hal_msp.c ****     __HAL_RCC_SPI3_CLK_ENABLE();
 165:Core/Src/stm32f4xx_hal_msp.c **** 
 166:Core/Src/stm32f4xx_hal_msp.c ****     __HAL_RCC_GPIOA_CLK_ENABLE();
 167:Core/Src/stm32f4xx_hal_msp.c ****     __HAL_RCC_GPIOC_CLK_ENABLE();
 168:Core/Src/stm32f4xx_hal_msp.c ****     /**I2S3 GPIO Configuration
 169:Core/Src/stm32f4xx_hal_msp.c ****     PA4     ------> I2S3_WS
 170:Core/Src/stm32f4xx_hal_msp.c ****     PC7     ------> I2S3_MCK
 171:Core/Src/stm32f4xx_hal_msp.c ****     PC10     ------> I2S3_CK
 172:Core/Src/stm32f4xx_hal_msp.c ****     PC12     ------> I2S3_SD
 173:Core/Src/stm32f4xx_hal_msp.c ****     */
 174:Core/Src/stm32f4xx_hal_msp.c ****     GPIO_InitStruct.Pin = I2S3_WS_Pin;
 175:Core/Src/stm32f4xx_hal_msp.c ****     GPIO_InitStruct.Mode = GPIO_MODE_AF_PP;
 176:Core/Src/stm32f4xx_hal_msp.c ****     GPIO_InitStruct.Pull = GPIO_NOPULL;
 177:Core/Src/stm32f4xx_hal_msp.c ****     GPIO_InitStruct.Speed = GPIO_SPEED_FREQ_LOW;
 178:Core/Src/stm32f4xx_hal_msp.c ****     GPIO_InitStruct.Alternate = GPIO_AF6_SPI3;
 179:Core/Src/stm32f4xx_hal_msp.c ****     HAL_GPIO_Init(I2S3_WS_GPIO_Port, &GPIO_InitStruct);
ARM GAS  /tmp/cc83BnyD.s 			page 10


 180:Core/Src/stm32f4xx_hal_msp.c **** 
 181:Core/Src/stm32f4xx_hal_msp.c ****     GPIO_InitStruct.Pin = I2S3_MCK_Pin|I2S3_SCK_Pin|I2S3_SD_Pin;
 182:Core/Src/stm32f4xx_hal_msp.c ****     GPIO_InitStruct.Mode = GPIO_MODE_AF_PP;
 183:Core/Src/stm32f4xx_hal_msp.c ****     GPIO_InitStruct.Pull = GPIO_NOPULL;
 184:Core/Src/stm32f4xx_hal_msp.c ****     GPIO_InitStruct.Speed = GPIO_SPEED_FREQ_LOW;
 185:Core/Src/stm32f4xx_hal_msp.c ****     GPIO_InitStruct.Alternate = GPIO_AF6_SPI3;
 186:Core/Src/stm32f4xx_hal_msp.c ****     HAL_GPIO_Init(GPIOC, &GPIO_InitStruct);
 187:Core/Src/stm32f4xx_hal_msp.c **** 
 188:Core/Src/stm32f4xx_hal_msp.c ****   /* USER CODE BEGIN SPI3_MspInit 1 */
 189:Core/Src/stm32f4xx_hal_msp.c **** 
 190:Core/Src/stm32f4xx_hal_msp.c ****   /* USER CODE END SPI3_MspInit 1 */
 191:Core/Src/stm32f4xx_hal_msp.c ****   }
 192:Core/Src/stm32f4xx_hal_msp.c **** 
 193:Core/Src/stm32f4xx_hal_msp.c **** }
 317              		.loc 1 193 1 view .LVU65
 318 0018 08B0     		add	sp, sp, #32
 319              	.LCFI10:
 320              		.cfi_remember_state
 321              		.cfi_def_cfa_offset 16
 322              		@ sp needed
 323 001a 70BD     		pop	{r4, r5, r6, pc}
 324              	.LVL12:
 325              	.L23:
 326              	.LCFI11:
 327              		.cfi_restore_state
 164:Core/Src/stm32f4xx_hal_msp.c **** 
 328              		.loc 1 164 5 is_stmt 1 view .LVU66
 329              	.LBB6:
 164:Core/Src/stm32f4xx_hal_msp.c **** 
 330              		.loc 1 164 5 view .LVU67
 331 001c 0024     		movs	r4, #0
 332 001e 0094     		str	r4, [sp]
 164:Core/Src/stm32f4xx_hal_msp.c **** 
 333              		.loc 1 164 5 view .LVU68
 334 0020 03F5FE33 		add	r3, r3, #130048
 335 0024 1A6C     		ldr	r2, [r3, #64]
 336 0026 42F40042 		orr	r2, r2, #32768
 337 002a 1A64     		str	r2, [r3, #64]
 164:Core/Src/stm32f4xx_hal_msp.c **** 
 338              		.loc 1 164 5 view .LVU69
 339 002c 1A6C     		ldr	r2, [r3, #64]
 340 002e 02F40042 		and	r2, r2, #32768
 341 0032 0092     		str	r2, [sp]
 164:Core/Src/stm32f4xx_hal_msp.c **** 
 342              		.loc 1 164 5 view .LVU70
 343 0034 009A     		ldr	r2, [sp]
 344              	.LBE6:
 164:Core/Src/stm32f4xx_hal_msp.c **** 
 345              		.loc 1 164 5 view .LVU71
 166:Core/Src/stm32f4xx_hal_msp.c ****     __HAL_RCC_GPIOC_CLK_ENABLE();
 346              		.loc 1 166 5 view .LVU72
 347              	.LBB7:
 166:Core/Src/stm32f4xx_hal_msp.c ****     __HAL_RCC_GPIOC_CLK_ENABLE();
 348              		.loc 1 166 5 view .LVU73
 349 0036 0194     		str	r4, [sp, #4]
 166:Core/Src/stm32f4xx_hal_msp.c ****     __HAL_RCC_GPIOC_CLK_ENABLE();
 350              		.loc 1 166 5 view .LVU74
ARM GAS  /tmp/cc83BnyD.s 			page 11


 351 0038 1A6B     		ldr	r2, [r3, #48]
 352 003a 42F00102 		orr	r2, r2, #1
 353 003e 1A63     		str	r2, [r3, #48]
 166:Core/Src/stm32f4xx_hal_msp.c ****     __HAL_RCC_GPIOC_CLK_ENABLE();
 354              		.loc 1 166 5 view .LVU75
 355 0040 1A6B     		ldr	r2, [r3, #48]
 356 0042 02F00102 		and	r2, r2, #1
 357 0046 0192     		str	r2, [sp, #4]
 166:Core/Src/stm32f4xx_hal_msp.c ****     __HAL_RCC_GPIOC_CLK_ENABLE();
 358              		.loc 1 166 5 view .LVU76
 359 0048 019A     		ldr	r2, [sp, #4]
 360              	.LBE7:
 166:Core/Src/stm32f4xx_hal_msp.c ****     __HAL_RCC_GPIOC_CLK_ENABLE();
 361              		.loc 1 166 5 view .LVU77
 167:Core/Src/stm32f4xx_hal_msp.c ****     /**I2S3 GPIO Configuration
 362              		.loc 1 167 5 view .LVU78
 363              	.LBB8:
 167:Core/Src/stm32f4xx_hal_msp.c ****     /**I2S3 GPIO Configuration
 364              		.loc 1 167 5 view .LVU79
 365 004a 0294     		str	r4, [sp, #8]
 167:Core/Src/stm32f4xx_hal_msp.c ****     /**I2S3 GPIO Configuration
 366              		.loc 1 167 5 view .LVU80
 367 004c 1A6B     		ldr	r2, [r3, #48]
 368 004e 42F00402 		orr	r2, r2, #4
 369 0052 1A63     		str	r2, [r3, #48]
 167:Core/Src/stm32f4xx_hal_msp.c ****     /**I2S3 GPIO Configuration
 370              		.loc 1 167 5 view .LVU81
 371 0054 1B6B     		ldr	r3, [r3, #48]
 372 0056 03F00403 		and	r3, r3, #4
 373 005a 0293     		str	r3, [sp, #8]
 167:Core/Src/stm32f4xx_hal_msp.c ****     /**I2S3 GPIO Configuration
 374              		.loc 1 167 5 view .LVU82
 375 005c 029B     		ldr	r3, [sp, #8]
 376              	.LBE8:
 167:Core/Src/stm32f4xx_hal_msp.c ****     /**I2S3 GPIO Configuration
 377              		.loc 1 167 5 view .LVU83
 174:Core/Src/stm32f4xx_hal_msp.c ****     GPIO_InitStruct.Mode = GPIO_MODE_AF_PP;
 378              		.loc 1 174 5 view .LVU84
 174:Core/Src/stm32f4xx_hal_msp.c ****     GPIO_InitStruct.Mode = GPIO_MODE_AF_PP;
 379              		.loc 1 174 25 is_stmt 0 view .LVU85
 380 005e 1023     		movs	r3, #16
 381 0060 0393     		str	r3, [sp, #12]
 175:Core/Src/stm32f4xx_hal_msp.c ****     GPIO_InitStruct.Pull = GPIO_NOPULL;
 382              		.loc 1 175 5 is_stmt 1 view .LVU86
 175:Core/Src/stm32f4xx_hal_msp.c ****     GPIO_InitStruct.Pull = GPIO_NOPULL;
 383              		.loc 1 175 26 is_stmt 0 view .LVU87
 384 0062 0226     		movs	r6, #2
 385 0064 0496     		str	r6, [sp, #16]
 176:Core/Src/stm32f4xx_hal_msp.c ****     GPIO_InitStruct.Speed = GPIO_SPEED_FREQ_LOW;
 386              		.loc 1 176 5 is_stmt 1 view .LVU88
 176:Core/Src/stm32f4xx_hal_msp.c ****     GPIO_InitStruct.Speed = GPIO_SPEED_FREQ_LOW;
 387              		.loc 1 176 26 is_stmt 0 view .LVU89
 388 0066 0594     		str	r4, [sp, #20]
 177:Core/Src/stm32f4xx_hal_msp.c ****     GPIO_InitStruct.Alternate = GPIO_AF6_SPI3;
 389              		.loc 1 177 5 is_stmt 1 view .LVU90
 177:Core/Src/stm32f4xx_hal_msp.c ****     GPIO_InitStruct.Alternate = GPIO_AF6_SPI3;
 390              		.loc 1 177 27 is_stmt 0 view .LVU91
ARM GAS  /tmp/cc83BnyD.s 			page 12


 391 0068 0694     		str	r4, [sp, #24]
 178:Core/Src/stm32f4xx_hal_msp.c ****     HAL_GPIO_Init(I2S3_WS_GPIO_Port, &GPIO_InitStruct);
 392              		.loc 1 178 5 is_stmt 1 view .LVU92
 178:Core/Src/stm32f4xx_hal_msp.c ****     HAL_GPIO_Init(I2S3_WS_GPIO_Port, &GPIO_InitStruct);
 393              		.loc 1 178 31 is_stmt 0 view .LVU93
 394 006a 0625     		movs	r5, #6
 395 006c 0795     		str	r5, [sp, #28]
 179:Core/Src/stm32f4xx_hal_msp.c **** 
 396              		.loc 1 179 5 is_stmt 1 view .LVU94
 397 006e 03A9     		add	r1, sp, #12
 398 0070 0848     		ldr	r0, .L24+4
 399              	.LVL13:
 179:Core/Src/stm32f4xx_hal_msp.c **** 
 400              		.loc 1 179 5 is_stmt 0 view .LVU95
 401 0072 FFF7FEFF 		bl	HAL_GPIO_Init
 402              	.LVL14:
 181:Core/Src/stm32f4xx_hal_msp.c ****     GPIO_InitStruct.Mode = GPIO_MODE_AF_PP;
 403              		.loc 1 181 5 is_stmt 1 view .LVU96
 181:Core/Src/stm32f4xx_hal_msp.c ****     GPIO_InitStruct.Mode = GPIO_MODE_AF_PP;
 404              		.loc 1 181 25 is_stmt 0 view .LVU97
 405 0076 4FF4A453 		mov	r3, #5248
 406 007a 0393     		str	r3, [sp, #12]
 182:Core/Src/stm32f4xx_hal_msp.c ****     GPIO_InitStruct.Pull = GPIO_NOPULL;
 407              		.loc 1 182 5 is_stmt 1 view .LVU98
 182:Core/Src/stm32f4xx_hal_msp.c ****     GPIO_InitStruct.Pull = GPIO_NOPULL;
 408              		.loc 1 182 26 is_stmt 0 view .LVU99
 409 007c 0496     		str	r6, [sp, #16]
 183:Core/Src/stm32f4xx_hal_msp.c ****     GPIO_InitStruct.Speed = GPIO_SPEED_FREQ_LOW;
 410              		.loc 1 183 5 is_stmt 1 view .LVU100
 183:Core/Src/stm32f4xx_hal_msp.c ****     GPIO_InitStruct.Speed = GPIO_SPEED_FREQ_LOW;
 411              		.loc 1 183 26 is_stmt 0 view .LVU101
 412 007e 0594     		str	r4, [sp, #20]
 184:Core/Src/stm32f4xx_hal_msp.c ****     GPIO_InitStruct.Alternate = GPIO_AF6_SPI3;
 413              		.loc 1 184 5 is_stmt 1 view .LVU102
 184:Core/Src/stm32f4xx_hal_msp.c ****     GPIO_InitStruct.Alternate = GPIO_AF6_SPI3;
 414              		.loc 1 184 27 is_stmt 0 view .LVU103
 415 0080 0694     		str	r4, [sp, #24]
 185:Core/Src/stm32f4xx_hal_msp.c ****     HAL_GPIO_Init(GPIOC, &GPIO_InitStruct);
 416              		.loc 1 185 5 is_stmt 1 view .LVU104
 185:Core/Src/stm32f4xx_hal_msp.c ****     HAL_GPIO_Init(GPIOC, &GPIO_InitStruct);
 417              		.loc 1 185 31 is_stmt 0 view .LVU105
 418 0082 0795     		str	r5, [sp, #28]
 186:Core/Src/stm32f4xx_hal_msp.c **** 
 419              		.loc 1 186 5 is_stmt 1 view .LVU106
 420 0084 03A9     		add	r1, sp, #12
 421 0086 0448     		ldr	r0, .L24+8
 422 0088 FFF7FEFF 		bl	HAL_GPIO_Init
 423              	.LVL15:
 424              		.loc 1 193 1 is_stmt 0 view .LVU107
 425 008c C4E7     		b	.L20
 426              	.L25:
 427 008e 00BF     		.align	2
 428              	.L24:
 429 0090 003C0040 		.word	1073757184
 430 0094 00000240 		.word	1073872896
 431 0098 00080240 		.word	1073874944
 432              		.cfi_endproc
ARM GAS  /tmp/cc83BnyD.s 			page 13


 433              	.LFE133:
 435              		.section	.text.HAL_I2S_MspDeInit,"ax",%progbits
 436              		.align	1
 437              		.global	HAL_I2S_MspDeInit
 438              		.syntax unified
 439              		.thumb
 440              		.thumb_func
 441              		.fpu fpv4-sp-d16
 443              	HAL_I2S_MspDeInit:
 444              	.LVL16:
 445              	.LFB134:
 194:Core/Src/stm32f4xx_hal_msp.c **** 
 195:Core/Src/stm32f4xx_hal_msp.c **** /**
 196:Core/Src/stm32f4xx_hal_msp.c **** * @brief I2S MSP De-Initialization
 197:Core/Src/stm32f4xx_hal_msp.c **** * This function freeze the hardware resources used in this example
 198:Core/Src/stm32f4xx_hal_msp.c **** * @param hi2s: I2S handle pointer
 199:Core/Src/stm32f4xx_hal_msp.c **** * @retval None
 200:Core/Src/stm32f4xx_hal_msp.c **** */
 201:Core/Src/stm32f4xx_hal_msp.c **** void HAL_I2S_MspDeInit(I2S_HandleTypeDef* hi2s)
 202:Core/Src/stm32f4xx_hal_msp.c **** {
 446              		.loc 1 202 1 is_stmt 1 view -0
 447              		.cfi_startproc
 448              		@ args = 0, pretend = 0, frame = 0
 449              		@ frame_needed = 0, uses_anonymous_args = 0
 450              		.loc 1 202 1 is_stmt 0 view .LVU109
 451 0000 08B5     		push	{r3, lr}
 452              	.LCFI12:
 453              		.cfi_def_cfa_offset 8
 454              		.cfi_offset 3, -8
 455              		.cfi_offset 14, -4
 203:Core/Src/stm32f4xx_hal_msp.c ****   if(hi2s->Instance==SPI3)
 456              		.loc 1 203 3 is_stmt 1 view .LVU110
 457              		.loc 1 203 10 is_stmt 0 view .LVU111
 458 0002 0268     		ldr	r2, [r0]
 459              		.loc 1 203 5 view .LVU112
 460 0004 094B     		ldr	r3, .L30
 461 0006 9A42     		cmp	r2, r3
 462 0008 00D0     		beq	.L29
 463              	.LVL17:
 464              	.L26:
 204:Core/Src/stm32f4xx_hal_msp.c ****   {
 205:Core/Src/stm32f4xx_hal_msp.c ****   /* USER CODE BEGIN SPI3_MspDeInit 0 */
 206:Core/Src/stm32f4xx_hal_msp.c **** 
 207:Core/Src/stm32f4xx_hal_msp.c ****   /* USER CODE END SPI3_MspDeInit 0 */
 208:Core/Src/stm32f4xx_hal_msp.c ****     /* Peripheral clock disable */
 209:Core/Src/stm32f4xx_hal_msp.c ****     __HAL_RCC_SPI3_CLK_DISABLE();
 210:Core/Src/stm32f4xx_hal_msp.c **** 
 211:Core/Src/stm32f4xx_hal_msp.c ****     /**I2S3 GPIO Configuration
 212:Core/Src/stm32f4xx_hal_msp.c ****     PA4     ------> I2S3_WS
 213:Core/Src/stm32f4xx_hal_msp.c ****     PC7     ------> I2S3_MCK
 214:Core/Src/stm32f4xx_hal_msp.c ****     PC10     ------> I2S3_CK
 215:Core/Src/stm32f4xx_hal_msp.c ****     PC12     ------> I2S3_SD
 216:Core/Src/stm32f4xx_hal_msp.c ****     */
 217:Core/Src/stm32f4xx_hal_msp.c ****     HAL_GPIO_DeInit(I2S3_WS_GPIO_Port, I2S3_WS_Pin);
 218:Core/Src/stm32f4xx_hal_msp.c **** 
 219:Core/Src/stm32f4xx_hal_msp.c ****     HAL_GPIO_DeInit(GPIOC, I2S3_MCK_Pin|I2S3_SCK_Pin|I2S3_SD_Pin);
 220:Core/Src/stm32f4xx_hal_msp.c **** 
ARM GAS  /tmp/cc83BnyD.s 			page 14


 221:Core/Src/stm32f4xx_hal_msp.c ****   /* USER CODE BEGIN SPI3_MspDeInit 1 */
 222:Core/Src/stm32f4xx_hal_msp.c **** 
 223:Core/Src/stm32f4xx_hal_msp.c ****   /* USER CODE END SPI3_MspDeInit 1 */
 224:Core/Src/stm32f4xx_hal_msp.c ****   }
 225:Core/Src/stm32f4xx_hal_msp.c **** 
 226:Core/Src/stm32f4xx_hal_msp.c **** }
 465              		.loc 1 226 1 view .LVU113
 466 000a 08BD     		pop	{r3, pc}
 467              	.LVL18:
 468              	.L29:
 209:Core/Src/stm32f4xx_hal_msp.c **** 
 469              		.loc 1 209 5 is_stmt 1 view .LVU114
 470 000c 084A     		ldr	r2, .L30+4
 471 000e 136C     		ldr	r3, [r2, #64]
 472 0010 23F40043 		bic	r3, r3, #32768
 473 0014 1364     		str	r3, [r2, #64]
 217:Core/Src/stm32f4xx_hal_msp.c **** 
 474              		.loc 1 217 5 view .LVU115
 475 0016 1021     		movs	r1, #16
 476 0018 0648     		ldr	r0, .L30+8
 477              	.LVL19:
 217:Core/Src/stm32f4xx_hal_msp.c **** 
 478              		.loc 1 217 5 is_stmt 0 view .LVU116
 479 001a FFF7FEFF 		bl	HAL_GPIO_DeInit
 480              	.LVL20:
 219:Core/Src/stm32f4xx_hal_msp.c **** 
 481              		.loc 1 219 5 is_stmt 1 view .LVU117
 482 001e 4FF4A451 		mov	r1, #5248
 483 0022 0548     		ldr	r0, .L30+12
 484 0024 FFF7FEFF 		bl	HAL_GPIO_DeInit
 485              	.LVL21:
 486              		.loc 1 226 1 is_stmt 0 view .LVU118
 487 0028 EFE7     		b	.L26
 488              	.L31:
 489 002a 00BF     		.align	2
 490              	.L30:
 491 002c 003C0040 		.word	1073757184
 492 0030 00380240 		.word	1073887232
 493 0034 00000240 		.word	1073872896
 494 0038 00080240 		.word	1073874944
 495              		.cfi_endproc
 496              	.LFE134:
 498              		.section	.text.HAL_SPI_MspInit,"ax",%progbits
 499              		.align	1
 500              		.global	HAL_SPI_MspInit
 501              		.syntax unified
 502              		.thumb
 503              		.thumb_func
 504              		.fpu fpv4-sp-d16
 506              	HAL_SPI_MspInit:
 507              	.LVL22:
 508              	.LFB135:
 227:Core/Src/stm32f4xx_hal_msp.c **** 
 228:Core/Src/stm32f4xx_hal_msp.c **** /**
 229:Core/Src/stm32f4xx_hal_msp.c **** * @brief SPI MSP Initialization
 230:Core/Src/stm32f4xx_hal_msp.c **** * This function configures the hardware resources used in this example
 231:Core/Src/stm32f4xx_hal_msp.c **** * @param hspi: SPI handle pointer
ARM GAS  /tmp/cc83BnyD.s 			page 15


 232:Core/Src/stm32f4xx_hal_msp.c **** * @retval None
 233:Core/Src/stm32f4xx_hal_msp.c **** */
 234:Core/Src/stm32f4xx_hal_msp.c **** void HAL_SPI_MspInit(SPI_HandleTypeDef* hspi)
 235:Core/Src/stm32f4xx_hal_msp.c **** {
 509              		.loc 1 235 1 is_stmt 1 view -0
 510              		.cfi_startproc
 511              		@ args = 0, pretend = 0, frame = 32
 512              		@ frame_needed = 0, uses_anonymous_args = 0
 513              		.loc 1 235 1 is_stmt 0 view .LVU120
 514 0000 00B5     		push	{lr}
 515              	.LCFI13:
 516              		.cfi_def_cfa_offset 4
 517              		.cfi_offset 14, -4
 518 0002 89B0     		sub	sp, sp, #36
 519              	.LCFI14:
 520              		.cfi_def_cfa_offset 40
 236:Core/Src/stm32f4xx_hal_msp.c ****   GPIO_InitTypeDef GPIO_InitStruct = {0};
 521              		.loc 1 236 3 is_stmt 1 view .LVU121
 522              		.loc 1 236 20 is_stmt 0 view .LVU122
 523 0004 0023     		movs	r3, #0
 524 0006 0393     		str	r3, [sp, #12]
 525 0008 0493     		str	r3, [sp, #16]
 526 000a 0593     		str	r3, [sp, #20]
 527 000c 0693     		str	r3, [sp, #24]
 528 000e 0793     		str	r3, [sp, #28]
 237:Core/Src/stm32f4xx_hal_msp.c ****   if(hspi->Instance==SPI1)
 529              		.loc 1 237 3 is_stmt 1 view .LVU123
 530              		.loc 1 237 10 is_stmt 0 view .LVU124
 531 0010 0268     		ldr	r2, [r0]
 532              		.loc 1 237 5 view .LVU125
 533 0012 154B     		ldr	r3, .L36
 534 0014 9A42     		cmp	r2, r3
 535 0016 02D0     		beq	.L35
 536              	.LVL23:
 537              	.L32:
 238:Core/Src/stm32f4xx_hal_msp.c ****   {
 239:Core/Src/stm32f4xx_hal_msp.c ****   /* USER CODE BEGIN SPI1_MspInit 0 */
 240:Core/Src/stm32f4xx_hal_msp.c **** 
 241:Core/Src/stm32f4xx_hal_msp.c ****   /* USER CODE END SPI1_MspInit 0 */
 242:Core/Src/stm32f4xx_hal_msp.c ****     /* Peripheral clock enable */
 243:Core/Src/stm32f4xx_hal_msp.c ****     __HAL_RCC_SPI1_CLK_ENABLE();
 244:Core/Src/stm32f4xx_hal_msp.c **** 
 245:Core/Src/stm32f4xx_hal_msp.c ****     __HAL_RCC_GPIOA_CLK_ENABLE();
 246:Core/Src/stm32f4xx_hal_msp.c ****     /**SPI1 GPIO Configuration
 247:Core/Src/stm32f4xx_hal_msp.c ****     PA5     ------> SPI1_SCK
 248:Core/Src/stm32f4xx_hal_msp.c ****     PA6     ------> SPI1_MISO
 249:Core/Src/stm32f4xx_hal_msp.c ****     PA7     ------> SPI1_MOSI
 250:Core/Src/stm32f4xx_hal_msp.c ****     */
 251:Core/Src/stm32f4xx_hal_msp.c ****     GPIO_InitStruct.Pin = SPI1_SCK_Pin|SPI1_MISO_Pin|SPI1_MOSI_Pin;
 252:Core/Src/stm32f4xx_hal_msp.c ****     GPIO_InitStruct.Mode = GPIO_MODE_AF_PP;
 253:Core/Src/stm32f4xx_hal_msp.c ****     GPIO_InitStruct.Pull = GPIO_NOPULL;
 254:Core/Src/stm32f4xx_hal_msp.c ****     GPIO_InitStruct.Speed = GPIO_SPEED_FREQ_LOW;
 255:Core/Src/stm32f4xx_hal_msp.c ****     GPIO_InitStruct.Alternate = GPIO_AF5_SPI1;
 256:Core/Src/stm32f4xx_hal_msp.c ****     HAL_GPIO_Init(GPIOA, &GPIO_InitStruct);
 257:Core/Src/stm32f4xx_hal_msp.c **** 
 258:Core/Src/stm32f4xx_hal_msp.c ****   /* USER CODE BEGIN SPI1_MspInit 1 */
 259:Core/Src/stm32f4xx_hal_msp.c **** 
ARM GAS  /tmp/cc83BnyD.s 			page 16


 260:Core/Src/stm32f4xx_hal_msp.c ****   /* USER CODE END SPI1_MspInit 1 */
 261:Core/Src/stm32f4xx_hal_msp.c ****   }
 262:Core/Src/stm32f4xx_hal_msp.c **** 
 263:Core/Src/stm32f4xx_hal_msp.c **** }
 538              		.loc 1 263 1 view .LVU126
 539 0018 09B0     		add	sp, sp, #36
 540              	.LCFI15:
 541              		.cfi_remember_state
 542              		.cfi_def_cfa_offset 4
 543              		@ sp needed
 544 001a 5DF804FB 		ldr	pc, [sp], #4
 545              	.LVL24:
 546              	.L35:
 547              	.LCFI16:
 548              		.cfi_restore_state
 243:Core/Src/stm32f4xx_hal_msp.c **** 
 549              		.loc 1 243 5 is_stmt 1 view .LVU127
 550              	.LBB9:
 243:Core/Src/stm32f4xx_hal_msp.c **** 
 551              		.loc 1 243 5 view .LVU128
 552 001e 0022     		movs	r2, #0
 553 0020 0192     		str	r2, [sp, #4]
 243:Core/Src/stm32f4xx_hal_msp.c **** 
 554              		.loc 1 243 5 view .LVU129
 555 0022 03F58433 		add	r3, r3, #67584
 556 0026 596C     		ldr	r1, [r3, #68]
 557 0028 41F48051 		orr	r1, r1, #4096
 558 002c 5964     		str	r1, [r3, #68]
 243:Core/Src/stm32f4xx_hal_msp.c **** 
 559              		.loc 1 243 5 view .LVU130
 560 002e 596C     		ldr	r1, [r3, #68]
 561 0030 01F48051 		and	r1, r1, #4096
 562 0034 0191     		str	r1, [sp, #4]
 243:Core/Src/stm32f4xx_hal_msp.c **** 
 563              		.loc 1 243 5 view .LVU131
 564 0036 0199     		ldr	r1, [sp, #4]
 565              	.LBE9:
 243:Core/Src/stm32f4xx_hal_msp.c **** 
 566              		.loc 1 243 5 view .LVU132
 245:Core/Src/stm32f4xx_hal_msp.c ****     /**SPI1 GPIO Configuration
 567              		.loc 1 245 5 view .LVU133
 568              	.LBB10:
 245:Core/Src/stm32f4xx_hal_msp.c ****     /**SPI1 GPIO Configuration
 569              		.loc 1 245 5 view .LVU134
 570 0038 0292     		str	r2, [sp, #8]
 245:Core/Src/stm32f4xx_hal_msp.c ****     /**SPI1 GPIO Configuration
 571              		.loc 1 245 5 view .LVU135
 572 003a 196B     		ldr	r1, [r3, #48]
 573 003c 41F00101 		orr	r1, r1, #1
 574 0040 1963     		str	r1, [r3, #48]
 245:Core/Src/stm32f4xx_hal_msp.c ****     /**SPI1 GPIO Configuration
 575              		.loc 1 245 5 view .LVU136
 576 0042 1B6B     		ldr	r3, [r3, #48]
 577 0044 03F00103 		and	r3, r3, #1
 578 0048 0293     		str	r3, [sp, #8]
 245:Core/Src/stm32f4xx_hal_msp.c ****     /**SPI1 GPIO Configuration
 579              		.loc 1 245 5 view .LVU137
ARM GAS  /tmp/cc83BnyD.s 			page 17


 580 004a 029B     		ldr	r3, [sp, #8]
 581              	.LBE10:
 245:Core/Src/stm32f4xx_hal_msp.c ****     /**SPI1 GPIO Configuration
 582              		.loc 1 245 5 view .LVU138
 251:Core/Src/stm32f4xx_hal_msp.c ****     GPIO_InitStruct.Mode = GPIO_MODE_AF_PP;
 583              		.loc 1 251 5 view .LVU139
 251:Core/Src/stm32f4xx_hal_msp.c ****     GPIO_InitStruct.Mode = GPIO_MODE_AF_PP;
 584              		.loc 1 251 25 is_stmt 0 view .LVU140
 585 004c E023     		movs	r3, #224
 586 004e 0393     		str	r3, [sp, #12]
 252:Core/Src/stm32f4xx_hal_msp.c ****     GPIO_InitStruct.Pull = GPIO_NOPULL;
 587              		.loc 1 252 5 is_stmt 1 view .LVU141
 252:Core/Src/stm32f4xx_hal_msp.c ****     GPIO_InitStruct.Pull = GPIO_NOPULL;
 588              		.loc 1 252 26 is_stmt 0 view .LVU142
 589 0050 0223     		movs	r3, #2
 590 0052 0493     		str	r3, [sp, #16]
 253:Core/Src/stm32f4xx_hal_msp.c ****     GPIO_InitStruct.Speed = GPIO_SPEED_FREQ_LOW;
 591              		.loc 1 253 5 is_stmt 1 view .LVU143
 253:Core/Src/stm32f4xx_hal_msp.c ****     GPIO_InitStruct.Speed = GPIO_SPEED_FREQ_LOW;
 592              		.loc 1 253 26 is_stmt 0 view .LVU144
 593 0054 0592     		str	r2, [sp, #20]
 254:Core/Src/stm32f4xx_hal_msp.c ****     GPIO_InitStruct.Alternate = GPIO_AF5_SPI1;
 594              		.loc 1 254 5 is_stmt 1 view .LVU145
 254:Core/Src/stm32f4xx_hal_msp.c ****     GPIO_InitStruct.Alternate = GPIO_AF5_SPI1;
 595              		.loc 1 254 27 is_stmt 0 view .LVU146
 596 0056 0692     		str	r2, [sp, #24]
 255:Core/Src/stm32f4xx_hal_msp.c ****     HAL_GPIO_Init(GPIOA, &GPIO_InitStruct);
 597              		.loc 1 255 5 is_stmt 1 view .LVU147
 255:Core/Src/stm32f4xx_hal_msp.c ****     HAL_GPIO_Init(GPIOA, &GPIO_InitStruct);
 598              		.loc 1 255 31 is_stmt 0 view .LVU148
 599 0058 0523     		movs	r3, #5
 600 005a 0793     		str	r3, [sp, #28]
 256:Core/Src/stm32f4xx_hal_msp.c **** 
 601              		.loc 1 256 5 is_stmt 1 view .LVU149
 602 005c 03A9     		add	r1, sp, #12
 603 005e 0348     		ldr	r0, .L36+4
 604              	.LVL25:
 256:Core/Src/stm32f4xx_hal_msp.c **** 
 605              		.loc 1 256 5 is_stmt 0 view .LVU150
 606 0060 FFF7FEFF 		bl	HAL_GPIO_Init
 607              	.LVL26:
 608              		.loc 1 263 1 view .LVU151
 609 0064 D8E7     		b	.L32
 610              	.L37:
 611 0066 00BF     		.align	2
 612              	.L36:
 613 0068 00300140 		.word	1073819648
 614 006c 00000240 		.word	1073872896
 615              		.cfi_endproc
 616              	.LFE135:
 618              		.section	.text.HAL_SPI_MspDeInit,"ax",%progbits
 619              		.align	1
 620              		.global	HAL_SPI_MspDeInit
 621              		.syntax unified
 622              		.thumb
 623              		.thumb_func
 624              		.fpu fpv4-sp-d16
ARM GAS  /tmp/cc83BnyD.s 			page 18


 626              	HAL_SPI_MspDeInit:
 627              	.LVL27:
 628              	.LFB136:
 264:Core/Src/stm32f4xx_hal_msp.c **** 
 265:Core/Src/stm32f4xx_hal_msp.c **** /**
 266:Core/Src/stm32f4xx_hal_msp.c **** * @brief SPI MSP De-Initialization
 267:Core/Src/stm32f4xx_hal_msp.c **** * This function freeze the hardware resources used in this example
 268:Core/Src/stm32f4xx_hal_msp.c **** * @param hspi: SPI handle pointer
 269:Core/Src/stm32f4xx_hal_msp.c **** * @retval None
 270:Core/Src/stm32f4xx_hal_msp.c **** */
 271:Core/Src/stm32f4xx_hal_msp.c **** void HAL_SPI_MspDeInit(SPI_HandleTypeDef* hspi)
 272:Core/Src/stm32f4xx_hal_msp.c **** {
 629              		.loc 1 272 1 is_stmt 1 view -0
 630              		.cfi_startproc
 631              		@ args = 0, pretend = 0, frame = 0
 632              		@ frame_needed = 0, uses_anonymous_args = 0
 633              		.loc 1 272 1 is_stmt 0 view .LVU153
 634 0000 08B5     		push	{r3, lr}
 635              	.LCFI17:
 636              		.cfi_def_cfa_offset 8
 637              		.cfi_offset 3, -8
 638              		.cfi_offset 14, -4
 273:Core/Src/stm32f4xx_hal_msp.c ****   if(hspi->Instance==SPI1)
 639              		.loc 1 273 3 is_stmt 1 view .LVU154
 640              		.loc 1 273 10 is_stmt 0 view .LVU155
 641 0002 0268     		ldr	r2, [r0]
 642              		.loc 1 273 5 view .LVU156
 643 0004 064B     		ldr	r3, .L42
 644 0006 9A42     		cmp	r2, r3
 645 0008 00D0     		beq	.L41
 646              	.LVL28:
 647              	.L38:
 274:Core/Src/stm32f4xx_hal_msp.c ****   {
 275:Core/Src/stm32f4xx_hal_msp.c ****   /* USER CODE BEGIN SPI1_MspDeInit 0 */
 276:Core/Src/stm32f4xx_hal_msp.c **** 
 277:Core/Src/stm32f4xx_hal_msp.c ****   /* USER CODE END SPI1_MspDeInit 0 */
 278:Core/Src/stm32f4xx_hal_msp.c ****     /* Peripheral clock disable */
 279:Core/Src/stm32f4xx_hal_msp.c ****     __HAL_RCC_SPI1_CLK_DISABLE();
 280:Core/Src/stm32f4xx_hal_msp.c **** 
 281:Core/Src/stm32f4xx_hal_msp.c ****     /**SPI1 GPIO Configuration
 282:Core/Src/stm32f4xx_hal_msp.c ****     PA5     ------> SPI1_SCK
 283:Core/Src/stm32f4xx_hal_msp.c ****     PA6     ------> SPI1_MISO
 284:Core/Src/stm32f4xx_hal_msp.c ****     PA7     ------> SPI1_MOSI
 285:Core/Src/stm32f4xx_hal_msp.c ****     */
 286:Core/Src/stm32f4xx_hal_msp.c ****     HAL_GPIO_DeInit(GPIOA, SPI1_SCK_Pin|SPI1_MISO_Pin|SPI1_MOSI_Pin);
 287:Core/Src/stm32f4xx_hal_msp.c **** 
 288:Core/Src/stm32f4xx_hal_msp.c ****   /* USER CODE BEGIN SPI1_MspDeInit 1 */
 289:Core/Src/stm32f4xx_hal_msp.c **** 
 290:Core/Src/stm32f4xx_hal_msp.c ****   /* USER CODE END SPI1_MspDeInit 1 */
 291:Core/Src/stm32f4xx_hal_msp.c ****   }
 292:Core/Src/stm32f4xx_hal_msp.c **** 
 293:Core/Src/stm32f4xx_hal_msp.c **** }
 648              		.loc 1 293 1 view .LVU157
 649 000a 08BD     		pop	{r3, pc}
 650              	.LVL29:
 651              	.L41:
 279:Core/Src/stm32f4xx_hal_msp.c **** 
ARM GAS  /tmp/cc83BnyD.s 			page 19


 652              		.loc 1 279 5 is_stmt 1 view .LVU158
 653 000c 054A     		ldr	r2, .L42+4
 654 000e 536C     		ldr	r3, [r2, #68]
 655 0010 23F48053 		bic	r3, r3, #4096
 656 0014 5364     		str	r3, [r2, #68]
 286:Core/Src/stm32f4xx_hal_msp.c **** 
 657              		.loc 1 286 5 view .LVU159
 658 0016 E021     		movs	r1, #224
 659 0018 0348     		ldr	r0, .L42+8
 660              	.LVL30:
 286:Core/Src/stm32f4xx_hal_msp.c **** 
 661              		.loc 1 286 5 is_stmt 0 view .LVU160
 662 001a FFF7FEFF 		bl	HAL_GPIO_DeInit
 663              	.LVL31:
 664              		.loc 1 293 1 view .LVU161
 665 001e F4E7     		b	.L38
 666              	.L43:
 667              		.align	2
 668              	.L42:
 669 0020 00300140 		.word	1073819648
 670 0024 00380240 		.word	1073887232
 671 0028 00000240 		.word	1073872896
 672              		.cfi_endproc
 673              	.LFE136:
 675              		.text
 676              	.Letext0:
 677              		.file 2 "/usr/lib/gcc/arm-none-eabi/9.2.1/include/stdint.h"
 678              		.file 3 "Drivers/CMSIS/Include/core_cm4.h"
 679              		.file 4 "Drivers/CMSIS/Device/ST/STM32F4xx/Include/system_stm32f4xx.h"
 680              		.file 5 "Drivers/CMSIS/Device/ST/STM32F4xx/Include/stm32f407xx.h"
 681              		.file 6 "Drivers/STM32F4xx_HAL_Driver/Inc/stm32f4xx_hal_def.h"
 682              		.file 7 "Drivers/STM32F4xx_HAL_Driver/Inc/stm32f4xx_hal_gpio.h"
 683              		.file 8 "Drivers/STM32F4xx_HAL_Driver/Inc/stm32f4xx_hal_dma.h"
 684              		.file 9 "Drivers/STM32F4xx_HAL_Driver/Inc/stm32f4xx_hal_i2c.h"
 685              		.file 10 "Drivers/STM32F4xx_HAL_Driver/Inc/stm32f4xx_hal_i2s.h"
 686              		.file 11 "Drivers/STM32F4xx_HAL_Driver/Inc/stm32f4xx_hal_spi.h"
 687              		.file 12 "Drivers/STM32F4xx_HAL_Driver/Inc/stm32f4xx_hal.h"
 688              		.file 13 "Drivers/STM32F4xx_HAL_Driver/Inc/stm32f4xx_hal_cortex.h"
ARM GAS  /tmp/cc83BnyD.s 			page 20


DEFINED SYMBOLS
                            *ABS*:0000000000000000 stm32f4xx_hal_msp.c
     /tmp/cc83BnyD.s:18     .text.HAL_MspInit:0000000000000000 $t
     /tmp/cc83BnyD.s:26     .text.HAL_MspInit:0000000000000000 HAL_MspInit
     /tmp/cc83BnyD.s:87     .text.HAL_MspInit:000000000000003c $d
     /tmp/cc83BnyD.s:92     .text.HAL_I2C_MspInit:0000000000000000 $t
     /tmp/cc83BnyD.s:99     .text.HAL_I2C_MspInit:0000000000000000 HAL_I2C_MspInit
     /tmp/cc83BnyD.s:209    .text.HAL_I2C_MspInit:0000000000000068 $d
     /tmp/cc83BnyD.s:216    .text.HAL_I2C_MspDeInit:0000000000000000 $t
     /tmp/cc83BnyD.s:223    .text.HAL_I2C_MspDeInit:0000000000000000 HAL_I2C_MspDeInit
     /tmp/cc83BnyD.s:268    .text.HAL_I2C_MspDeInit:000000000000002c $d
     /tmp/cc83BnyD.s:275    .text.HAL_I2S_MspInit:0000000000000000 $t
     /tmp/cc83BnyD.s:282    .text.HAL_I2S_MspInit:0000000000000000 HAL_I2S_MspInit
     /tmp/cc83BnyD.s:429    .text.HAL_I2S_MspInit:0000000000000090 $d
     /tmp/cc83BnyD.s:436    .text.HAL_I2S_MspDeInit:0000000000000000 $t
     /tmp/cc83BnyD.s:443    .text.HAL_I2S_MspDeInit:0000000000000000 HAL_I2S_MspDeInit
     /tmp/cc83BnyD.s:491    .text.HAL_I2S_MspDeInit:000000000000002c $d
     /tmp/cc83BnyD.s:499    .text.HAL_SPI_MspInit:0000000000000000 $t
     /tmp/cc83BnyD.s:506    .text.HAL_SPI_MspInit:0000000000000000 HAL_SPI_MspInit
     /tmp/cc83BnyD.s:613    .text.HAL_SPI_MspInit:0000000000000068 $d
     /tmp/cc83BnyD.s:619    .text.HAL_SPI_MspDeInit:0000000000000000 $t
     /tmp/cc83BnyD.s:626    .text.HAL_SPI_MspDeInit:0000000000000000 HAL_SPI_MspDeInit
     /tmp/cc83BnyD.s:669    .text.HAL_SPI_MspDeInit:0000000000000020 $d

UNDEFINED SYMBOLS
HAL_NVIC_SetPriorityGrouping
HAL_GPIO_Init
HAL_GPIO_DeInit
